[02:01:35] [INFO] Initializing application with size { 1280, 720 } and title ModernOpenGL...
[02:01:35] [INFO] Application successfully initialized
[02:01:40] [INFO] Shutting down application...

[02:08:13] [INFO] Initializing application with size { 1280, 720 } and title ModernOpenGL...
[02:08:13] [INFO] Application successfully initialized
[02:08:15] [INFO] Shutting down application...

[12:24:00] [INFO] Initializing application with size { 1280, 720 } and title ModernOpenGL...
[12:24:01] [INFO] Application successfully initialized
[12:24:02] [INFO] Shutting down application...

[14:25:37] [INFO] Initializing application with size [1280, 720] and title ModernOpenGL...
[14:25:38] [INFO] Application successfully initialized
[14:25:38] [INFO] Compiling vertex shader:
[14:25:38] [ERROR] Could not open shader file:
[14:25:38] [INFO] Compiling fragment shader:
[14:25:38] [ERROR] Could not open shader file:
[14:25:57] [INFO] Shutting down application...

[14:31:28] [INFO] Initializing application with size [1280, 720] and title ModernOpenGL...
[14:31:29] [INFO] Application successfully initialized
[14:31:29] [INFO] Compiling vertex shader:
[14:31:29] [ERROR] Could not open shader file:
[14:31:29] [INFO] Compiling fragment shader:
[14:31:29] [ERROR] Could not open shader file:
[14:31:33] [INFO] Shutting down application...

[14:32:07] [INFO] Initializing application with size [1280, 720] and title ModernOpenGL...
[14:32:07] [INFO] Application successfully initialized
[14:32:37] [INFO] Compiling vertex shader:

[14:34:27] [INFO] Initializing application with size [1280, 720] and title ModernOpenGL...
[14:34:27] [INFO] Application successfully initialized
[14:34:27] [INFO] Compiling vertex shader:
[14:34:27] [ERROR] Could not open shader file:
[14:34:27] [INFO] Compiling fragment shader:
[14:34:27] [ERROR] Could not open shader file:
[14:34:29] [INFO] Shutting down application...

[14:36:07] [INFO] Initializing application with size [1280, 720] and title ModernOpenGL...
[14:36:07] [INFO] Application successfully initialized
[14:36:07] [INFO] Compiling vertex shader:
[14:36:07] [ERROR] Could not open shader file:
[14:36:07] [INFO] Compiling fragment shader:
[14:36:07] [ERROR] Could not open shader file:
[14:36:17] [INFO] Shutting down application...

[14:36:35] [INFO] Initializing application with size [1280, 720] and title ModernOpenGL...
[14:36:35] [INFO] Application successfully initialized
[14:36:35] [INFO] Compiling vertex shader:
[14:36:35] [ERROR] Could not open shader file:
[14:36:35] [INFO] Compiling fragment shader:
[14:36:35] [ERROR] Could not open shader file:
[14:36:40] [INFO] Shutting down application...

[14:36:56] [INFO] Initializing application with size [1280, 720] and title ModernOpenGL...
[14:36:57] [INFO] Application successfully initialized
[14:36:57] [INFO] Compiling vertex shader: shaders/vertex.glsl
[14:36:57] [ERROR] Could not open shader file: C:\Users\maxim\git\ModernOpenGL\ModernOpenGL\shaders\vertex.glsl
[14:36:57] [INFO] Compiling fragment shader: shaders/fragment.glsl
[14:36:57] [ERROR] Could not open shader file: C:\Users\maxim\git\ModernOpenGL\ModernOpenGL\shaders\fragment.glsl
[14:37:26] [INFO] Shutting down application...

[14:40:13] [INFO] Initializing application with size [1280, 720] and title ModernOpenGL...
[14:40:13] [INFO] Application successfully initialized
[14:40:13] [INFO] Compiling vertex shader: shaders/vertex.glsl
[14:40:13] [ERROR] Could not open shader file: C:\Users\maxim\git\ModernOpenGL\ModernOpenGL\shaders\vertex.glsl
[14:40:13] [INFO] Compiling fragment shader: shaders/fragment.glsl
[14:40:13] [ERROR] Could not open shader file: C:\Users\maxim\git\ModernOpenGL\ModernOpenGL\shaders\fragment.glsl
[14:40:25] [INFO] Shutting down application...

[14:40:54] [INFO] Initializing application with size [1280, 720] and title ModernOpenGL...
[14:40:54] [INFO] Application successfully initialized
[14:40:54] [INFO] Compiling vertex shader: 
[14:40:54] [ERROR] Could not open shader file: C:\Users\maxim\git\ModernOpenGL\ModernOpenGL\shaders\vertex.glsl
[14:40:54] [INFO] Compiling fragment shader: 
[14:40:54] [ERROR] Could not open shader file: C:\Users\maxim\git\ModernOpenGL\ModernOpenGL\shaders\fragment.glsl
[14:40:59] [INFO] Shutting down application...

[14:43:40] [INFO] Initializing application with size [1280, 720] and title ModernOpenGL...
[14:43:41] [INFO] Application successfully initialized
[14:43:41] [INFO] Compiling vertex shader: shaders/vertex.glsl
[14:43:41] [ERROR] Could not open shader file: C:\Users\maxim\git\ModernOpenGL\ModernOpenGL\shaders\vertex.glsl
[14:43:41] [INFO] Compiling fragment shader: shaders/fragment.glsl
[14:43:41] [ERROR] Could not open shader file: C:\Users\maxim\git\ModernOpenGL\ModernOpenGL\shaders\fragment.glsl
[14:43:53] [INFO] Shutting down application...

[14:47:17] [INFO] Initializing application with size [1280, 720] and title ModernOpenGL...
[14:47:18] [INFO] Application successfully initialized
[14:47:18] [INFO] Compiling vertex shader: shaders/vertex.glsl
[14:47:18] [ERROR] Could not open shader file: C:\Users\maxim\git\ModernOpenGL\ModernOpenGL\shaders\vertex.glsl
[14:47:18] [INFO] Compiling fragment shader: shaders/fragment.glsl
[14:47:18] [ERROR] Could not open shader file: C:\Users\maxim\git\ModernOpenGL\ModernOpenGL\shaders\fragment.glsl
[14:47:21] [INFO] Shutting down application...

[14:51:40] [INFO] Initializing application with size [1280, 720] and title ModernOpenGL...
[14:51:40] [INFO] Application successfully initialized
[14:51:40] [INFO] Compiling vertex shader: source\shaders\vertex.glsl
[14:51:40] [INFO] Compiling fragment shader: source\shaders\fragment.glsl
[14:51:40] [INFO] Linking shader program...
[14:51:51] [INFO] Shutting down application...

[15:07:17] [INFO] Initializing application with size [1280, 720] and title ModernOpenGL...
[15:07:17] [INFO] Application successfully initialized
[15:07:17] [INFO] Compiling vertex shader: source\shaders\vertex.glsl
[15:07:17] [INFO] Compiling fragment shader: source\shaders\fragment.glsl
[15:07:17] [INFO] Linking shader program...
[15:07:21] [INFO] Shutting down application...

[15:21:25] [INFO] Initializing application with size [1280, 720] and title ModernOpenGL...
[15:21:25] [INFO] Application successfully initialized
[15:21:25] [INFO] Compiling vertex shader: source\shaders\vertex.glsl
[15:21:25] [INFO] Compiling fragment shader: source\shaders\fragment.glsl
[15:21:25] [INFO] Linking shader program...

[15:29:26] [INFO] Initializing application with size [1280, 720] and title ModernOpenGL...
[15:29:27] [INFO] Application successfully initialized
[15:29:27] [INFO] Compiling vertex shader: source\shaders\vertex.glsl
[15:29:27] [INFO] Compiling fragment shader: source\shaders\fragment.glsl
[15:29:27] [INFO] Linking shader program...

[15:30:54] [INFO] Initializing application with size [1280, 720] and title ModernOpenGL...
[15:30:54] [INFO] Application successfully initialized
[15:30:54] [INFO] Compiling vertex shader: source\shaders\vertex.glsl
[15:30:54] [INFO] Compiling fragment shader: source\shaders\fragment.glsl
[15:30:54] [INFO] Linking shader program...

[15:32:11] [INFO] Initializing application with size [1280, 720] and title ModernOpenGL...
[15:32:12] [INFO] Application successfully initialized
[15:32:13] [INFO] Compiling vertex shader: source\shaders\vertex.glsl
[15:32:13] [INFO] Compiling fragment shader: source\shaders\fragment.glsl
[15:32:13] [INFO] Linking shader program...

[15:36:46] [INFO] Initializing application with size [1280, 720] and title ModernOpenGL...
[15:36:46] [INFO] Application successfully initialized
[15:36:46] [INFO] Compiling vertex shader: source\shaders\vertex.glsl
[15:36:46] [INFO] Compiling fragment shader: source\shaders\fragment.glsl
[15:36:46] [INFO] Linking shader program...

[15:37:49] [INFO] Initializing application with size [1280, 720] and title ModernOpenGL...
[15:37:49] [INFO] Application successfully initialized
[15:37:49] [INFO] Compiling vertex shader: source\shaders\vertex.glsl
[15:37:49] [INFO] Compiling fragment shader: source\shaders\fragment.glsl
[15:37:49] [INFO] Linking shader program...

[15:38:29] [INFO] Initializing application with size [1280, 720] and title ModernOpenGL...
[15:38:29] [INFO] Application successfully initialized
[15:38:29] [INFO] Compiling vertex shader: source\shaders\vertex.glsl
[15:38:29] [INFO] Compiling fragment shader: source\shaders\fragment.glsl
[15:38:29] [INFO] Linking shader program...

[15:39:33] [INFO] Initializing application with size [1280, 720] and title ModernOpenGL...
[15:39:33] [INFO] Application successfully initialized
[15:39:33] [INFO] Compiling vertex shader: source\shaders\vertex.glsl
[15:39:33] [INFO] Compiling fragment shader: source\shaders\fragment.glsl
[15:39:33] [INFO] Linking shader program...
[15:39:33] [ERROR] OpenGL error: 1282

[15:40:23] [INFO] Initializing application with size [1280, 720] and title ModernOpenGL...
[15:40:23] [INFO] Application successfully initialized
[15:40:23] [INFO] Compiling vertex shader: source\shaders\vertex.glsl
[15:40:23] [INFO] Compiling fragment shader: source\shaders\fragment.glsl
[15:40:23] [INFO] Linking shader program...

[15:40:55] [INFO] Initializing application with size [1280, 720] and title ModernOpenGL...
[15:40:56] [INFO] Application successfully initialized
[15:40:56] [INFO] Compiling vertex shader: source\shaders\vertex.glsl
[15:40:56] [INFO] Compiling fragment shader: source\shaders\fragment.glsl
[15:40:56] [INFO] Linking shader program...
[15:40:56] [ERROR] OpenGL error: 1282
[15:40:56] [ERROR] OpenGL error: 0

[15:42:00] [INFO] Initializing application with size [1280, 720] and title ModernOpenGL...
[15:42:01] [INFO] Application successfully initialized
[15:42:01] [INFO] Compiling vertex shader: source\shaders\vertex.glsl
[15:42:01] [INFO] Compiling fragment shader: source\shaders\fragment.glsl
[15:42:01] [INFO] Linking shader program...
[15:42:01] [ERROR] OpenGL error: 1282
[15:42:01] [ERROR] OpenGL error: 0

[15:42:26] [INFO] Initializing application with size [1280, 720] and title ModernOpenGL...
[15:42:27] [INFO] Application successfully initialized
[15:42:27] [INFO] Compiling vertex shader: source\shaders\vertex.glsl
[15:42:27] [INFO] Compiling fragment shader: source\shaders\fragment.glsl
[15:42:27] [INFO] Linking shader program...
[15:42:27] [ERROR] OpenGL error: 0
[15:42:27] [ERROR] OpenGL error: 1282

[15:43:08] [INFO] Initializing application with size [1280, 720] and title ModernOpenGL...
[15:43:08] [INFO] Application successfully initialized
[15:43:08] [INFO] Compiling vertex shader: source\shaders\vertex.glsl

[15:44:51] [INFO] Initializing application with size [1280, 720] and title ModernOpenGL...
[15:44:51] [INFO] Application successfully initialized
[15:44:51] [INFO] Compiling vertex shader: source\shaders\vertex.glsl
[15:44:51] [INFO] Compiling fragment shader: source\shaders\fragment.glsl
[15:44:51] [INFO] Linking shader program...
[15:44:51] [ERROR] OpenGL error: 0
[15:44:51] [ERROR] OpenGL error: 1282

[15:45:59] [INFO] Initializing application with size [1280, 720] and title ModernOpenGL...
[15:45:59] [INFO] Application successfully initialized
[15:45:59] [INFO] Compiling vertex shader: source\shaders\vertex.glsl
[15:45:59] [INFO] Compiling fragment shader: source\shaders\fragment.glsl
[15:45:59] [INFO] Linking shader program...
[15:45:59] [ERROR] OpenGL error: 0
[15:45:59] [ERROR] OpenGL error: 1282

[15:46:25] [INFO] Initializing application with size [1280, 720] and title ModernOpenGL...
[15:46:25] [INFO] Application successfully initialized
[15:46:25] [INFO] Compiling vertex shader: source\shaders\vertex.glsl
[15:46:25] [INFO] Compiling fragment shader: source\shaders\fragment.glsl
[15:46:25] [INFO] Linking shader program...
[15:46:25] [ERROR] OpenGL error: 0
[15:46:25] [ERROR] OpenGL error: 1282

[15:47:22] [INFO] Initializing application with size [1280, 720] and title ModernOpenGL...
[15:47:22] [INFO] Application successfully initialized
[15:47:22] [INFO] Compiling vertex shader: source\shaders\vertex.glsl
[15:47:22] [INFO] Compiling fragment shader: source\shaders\fragment.glsl
[15:47:22] [INFO] Linking shader program...
[15:47:22] [ERROR] OpenGL error: 0

[15:47:37] [INFO] Initializing application with size [1280, 720] and title ModernOpenGL...
[15:47:38] [INFO] Application successfully initialized
[15:47:38] [INFO] Compiling vertex shader: source\shaders\vertex.glsl
[15:47:38] [INFO] Compiling fragment shader: source\shaders\fragment.glsl
[15:47:38] [INFO] Linking shader program...
[15:47:38] [ERROR] OpenGL error: 0

[15:48:01] [INFO] Initializing application with size [1280, 720] and title ModernOpenGL...
[15:48:01] [INFO] Application successfully initialized
[15:48:01] [INFO] Compiling vertex shader: source\shaders\vertex.glsl
[15:48:01] [INFO] Compiling fragment shader: source\shaders\fragment.glsl
[15:48:01] [INFO] Linking shader program...
[15:48:01] [ERROR] OpenGL error: 0
[15:48:01] [ERROR] OpenGL error: 1282
[15:48:01] [ERROR] OpenGL error: 0
[15:48:01] [ERROR] OpenGL error: 0
[15:48:01] [ERROR] OpenGL error: 0

[15:48:33] [INFO] Initializing application with size [1280, 720] and title ModernOpenGL...
[15:48:33] [INFO] Application successfully initialized
[15:48:33] [INFO] Compiling vertex shader: source\shaders\vertex.glsl
[15:48:33] [INFO] Compiling fragment shader: source\shaders\fragment.glsl
[15:48:33] [INFO] Linking shader program...
[15:48:33] [ERROR] OpenGL error: 1282

[15:51:09] [INFO] Initializing application with size [1280, 720] and title ModernOpenGL...
[15:51:09] [INFO] Application successfully initialized
[15:51:09] [INFO] Compiling vertex shader: source\shaders\vertex.glsl
[15:51:09] [INFO] Compiling fragment shader: source\shaders\fragment.glsl
[15:51:09] [INFO] Linking shader program...
[15:51:09] [ERROR] OpenGL error: 0
[15:51:09] [ERROR] OpenGL error: 1282

[15:51:27] [INFO] Initializing application with size [1280, 720] and title ModernOpenGL...
[15:51:28] [INFO] Application successfully initialized
[15:51:28] [INFO] Compiling vertex shader: source\shaders\vertex.glsl
[15:51:28] [INFO] Compiling fragment shader: source\shaders\fragment.glsl
[15:51:28] [INFO] Linking shader program...
[15:51:28] [ERROR] OpenGL error: 0
[15:51:28] [ERROR] OpenGL error: 0
[15:51:28] [ERROR] OpenGL error: 1282
[15:51:28] [ERROR] OpenGL error: 0
[15:51:28] [ERROR] OpenGL error: 1282
[15:51:28] [ERROR] OpenGL error: 0

[15:53:57] [INFO] Initializing application with size [1280, 720] and title ModernOpenGL...
[15:53:58] [INFO] Application successfully initialized
[15:53:58] [INFO] Compiling vertex shader: source\shaders\vertex.glsl
[15:53:58] [INFO] Compiling fragment shader: source\shaders\fragment.glsl
[15:53:58] [INFO] Linking shader program...
[15:53:58] [INFO] source\src\resources\model.cpp(107): OpenGL error: 131
[15:53:58] [INFO] source\src\resources\model.cpp(109): OpenGL error: 131
[15:53:58] [INFO] source\src\resources\model.cpp(111): OpenGL error: 131
[15:53:58] [INFO] source\src\resources\model.cpp(113): OpenGL error: 131
[15:53:58] [INFO] source\src\resources\model.cpp(115): OpenGL error: 131
[15:53:58] [INFO] source\src\resources\model.cpp(117): OpenGL error: 131

[15:54:42] [INFO] Initializing application with size [1280, 720] and title ModernOpenGL...
[15:54:42] [INFO] Application successfully initialized
[15:54:42] [INFO] Compiling vertex shader: source\shaders\vertex.glsl
[15:54:42] [INFO] Compiling fragment shader: source\shaders\fragment.glsl
[15:54:42] [INFO] Linking shader program...
[15:54:42] [INFO] source\src\resources\model.cpp(105): OpenGL error: 131
[15:54:42] [INFO] source\src\resources\model.cpp(108): OpenGL error: 131
[15:54:42] [INFO] source\src\resources\model.cpp(110): OpenGL error: 131
[15:54:42] [INFO] source\src\resources\model.cpp(112): OpenGL error: 131
[15:54:42] [INFO] source\src\resources\model.cpp(114): OpenGL error: 131
[15:54:42] [INFO] source\src\resources\model.cpp(116): OpenGL error: 131
[15:54:42] [INFO] source\src\resources\model.cpp(118): OpenGL error: 131
[15:54:42] [INFO] source\src\resources\model.cpp(122): OpenGL error: 131

[15:55:48] [INFO] Initializing application with size [1280, 720] and title ModernOpenGL...
[15:55:49] [INFO] Application successfully initialized
[15:55:49] [INFO] Compiling vertex shader: source\shaders\vertex.glsl
[15:55:49] [INFO] Compiling fragment shader: source\shaders\fragment.glsl
[15:55:49] [INFO] Linking shader program...
[15:55:49] [INFO] source\src\resources\model.cpp(105): OpenGL error: 0
[15:55:49] [INFO] source\src\resources\model.cpp(108): OpenGL error: 0
[15:55:49] [INFO] source\src\resources\model.cpp(110): OpenGL error: 0
[15:55:49] [INFO] source\src\resources\model.cpp(112): OpenGL error: 1282
[15:55:49] [INFO] source\src\resources\model.cpp(114): OpenGL error: 0
[15:55:49] [INFO] source\src\resources\model.cpp(116): OpenGL error: 1282
[15:55:49] [INFO] source\src\resources\model.cpp(118): OpenGL error: 0
[15:55:49] [INFO] source\src\resources\model.cpp(122): OpenGL error: 0

[15:57:26] [INFO] Initializing application with size [1280, 720] and title ModernOpenGL...
[15:57:26] [INFO] Application successfully initialized
[15:57:26] [INFO] Compiling vertex shader: source\shaders\vertex.glsl
[15:57:26] [INFO] Compiling fragment shader: source\shaders\fragment.glsl
[15:57:26] [INFO] Linking shader program...
[15:57:26] [INFO] source\src\resources\model.cpp(111): OpenGL error: 0
[15:57:26] [INFO] source\src\resources\model.cpp(113): OpenGL error: 0
[15:57:26] [INFO] source\src\resources\model.cpp(115): OpenGL error: 1282
[15:57:26] [INFO] source\src\resources\model.cpp(117): OpenGL error: 0
[15:57:26] [INFO] source\src\resources\model.cpp(119): OpenGL error: 1282
[15:57:26] [INFO] source\src\resources\model.cpp(121): OpenGL error: 0

[15:58:21] [INFO] Initializing application with size [1280, 720] and title ModernOpenGL...
[15:58:22] [INFO] Application successfully initialized
[15:58:22] [INFO] Compiling vertex shader: source\shaders\vertex.glsl
[15:58:22] [INFO] Compiling fragment shader: source\shaders\fragment.glsl
[15:58:22] [INFO] Linking shader program...
[15:58:22] [INFO] source\src\resources\model.cpp(119): OpenGL error: 0
[15:58:22] [INFO] source\src\resources\model.cpp(121): OpenGL error: 0
[15:58:22] [INFO] source\src\resources\model.cpp(123): OpenGL error: 0
[15:58:22] [INFO] source\src\resources\model.cpp(125): OpenGL error: 0
[15:58:22] [INFO] source\src\resources\model.cpp(127): OpenGL error: 0
[15:58:22] [INFO] source\src\resources\model.cpp(129): OpenGL error: 0
[15:59:35] [INFO] Shutting down application...

[16:02:59] [INFO] Initializing application with size [1280, 720] and title ModernOpenGL...
[16:02:59] [INFO] Application successfully initialized
[16:02:59] [INFO] Compiling vertex shader: source\shaders\vertex.glsl
[16:02:59] [INFO] Compiling fragment shader: source\shaders\fragment.glsl
[16:02:59] [INFO] Linking shader program...
[16:03:01] [INFO] Shutting down application...

[17:38:25] [INFO] Initializing application with size [1280, 720] and title ModernOpenGL...
[17:38:25] [INFO] Application successfully initialized
[17:38:25] [INFO] Compiling vertex shader: source\shaders\vertex.vs
[17:38:25] [INFO] Compiling fragment shader: source\shaders\fragment.fs
[17:38:25] [INFO] Linking shader program...
[17:38:27] [INFO] Shutting down application...

[21:42:28] [INFO] Initializing application with size [1280, 720] and title ModernOpenGL...
[21:42:29] [INFO] Application successfully initialized
[21:42:29] [INFO] Compiling vertex shader: source\shaders\vertex.vs
[21:42:29] [INFO] Compiling fragment shader: source\shaders\fragment.fs
[21:42:29] [INFO] Linking shader program...
[21:42:45] [INFO] Shutting down application...

[21:44:48] [INFO] Initializing application with size [1280, 720] and title ModernOpenGL...
[21:44:49] [INFO] Application successfully initialized
[21:44:49] [INFO] Compiling vertex shader: source\shaders\vertex.vs
[21:44:49] [INFO] Compiling fragment shader: source\shaders\fragment.fs
[21:44:49] [INFO] Linking shader program
[21:44:49] [INFO] Loading texture: assets	exturesiking_room.jpg
[21:44:49] [ERROR] Failed to load texture: assets	exturesiking_room.jpg
[21:44:57] [INFO] Shutting down application...

[21:45:39] [INFO] Initializing application with size [1280, 720] and title ModernOpenGL...
[21:45:40] [INFO] Application successfully initialized
[21:45:40] [INFO] Compiling vertex shader: source\shaders\vertex.vs
[21:45:40] [INFO] Compiling fragment shader: source\shaders\fragment.fs
[21:45:40] [INFO] Linking shader program
[21:45:40] [INFO] Loading texture: assets\textures\viking_room.jpg
[21:45:40] [ERROR] Failed to load texture: assets\textures\viking_room.jpg
[21:46:25] [INFO] Shutting down application...

[21:47:58] [INFO] Initializing application with size [1280, 720] and title ModernOpenGL...
[21:47:58] [INFO] Application successfully initialized
[21:47:58] [INFO] Compiling vertex shader: source\shaders\vertex.vs
[21:47:58] [INFO] Compiling fragment shader: source\shaders\fragment.fs
[21:47:58] [INFO] Linking shader program

[21:49:27] [INFO] Initializing application with size [1280, 720] and title ModernOpenGL...
[21:49:28] [INFO] Application successfully initialized
[21:49:28] [INFO] Compiling vertex shader: source\shaders\vertex.vs
[21:49:28] [INFO] Compiling fragment shader: source\shaders\fragment.fs
[21:49:28] [INFO] Linking shader program
[21:49:28] [INFO] Loading texture: assets\textures\viking_room.jpg
[21:49:28] [ERROR] Failed to load texture: assets\textures\viking_room.jpg
[21:49:31] [INFO] Shutting down application...

[21:52:44] [INFO] Initializing application with size [1280, 720] and title ModernOpenGL...
[21:52:45] [INFO] Application successfully initialized
[21:52:45] [INFO] Compiling vertex shader: source\shaders\vertex.vs
[21:52:45] [INFO] Compiling fragment shader: source\shaders\fragment.fs
[21:52:45] [INFO] Linking shader program
[21:52:45] [INFO] Loading texture: assets\textures\viking_room.jpg
[21:53:46] [INFO] Shutting down application...

[22:00:55] [INFO] Initializing application with size [1280, 720] and title ModernOpenGL...
[22:00:56] [INFO] Application successfully initialized
[22:00:56] [INFO] Compiling vertex shader: source\shaders\vertex.vs
[22:00:56] [INFO] Compiling fragment shader: source\shaders\fragment.fs
[22:00:56] [INFO] Linking shader program
[22:00:56] [INFO] Loading texture: assets\textures\viking_room.jpg
[22:00:59] [INFO] Shutting down application...

[22:01:13] [INFO] Initializing application with size [1280, 720] and title ModernOpenGL...
[22:01:13] [INFO] Application successfully initialized
[22:01:13] [INFO] Compiling vertex shader: source\shaders\vertex.vs
[22:01:13] [INFO] Compiling fragment shader: source\shaders\fragment.fs
[22:01:13] [INFO] Linking shader program
[22:01:13] [INFO] Loading texture: assets\textures\viking_room.jpg
[22:01:17] [INFO] Shutting down application...

[22:01:21] [INFO] Initializing application with size [1280, 720] and title ModernOpenGL...
[22:01:21] [INFO] Application successfully initialized
[22:01:21] [INFO] Compiling vertex shader: source\shaders\vertex.vs
[22:01:21] [INFO] Compiling fragment shader: source\shaders\fragment.fs
[22:01:21] [INFO] Linking shader program
[22:01:21] [INFO] Loading texture: assets\textures\viking_room.jpg
[22:01:34] [INFO] Shutting down application...

[23:27:14] [INFO] Initializing application with size [1280, 720] and title ModernOpenGL...
[23:27:15] [INFO] Application successfully initialized
[23:27:15] [INFO] Compiling vertex shader: source\shaders\vertex.vs
[23:27:15] [INFO] Compiling fragment shader: source\shaders\fragment.fs
[23:27:15] [INFO] Linking shader program
[23:27:15] [INFO] Loading texture: assets\textures\viking_room.jpg
[23:27:16] [INFO] Shutting down application...

[23:30:52] [INFO] Initializing application with size [1280, 720] and title ModernOpenGL...
[23:30:52] [INFO] Application successfully initialized
[23:30:52] [INFO] Compiling vertex shader: source\shaders\vertex.vs
[23:30:52] [INFO] Compiling fragment shader: source\shaders\fragment.fs
[23:30:52] [INFO] Linking shader program
[23:30:52] [INFO] Loading model: assets\meshes\viking_room.obj
[23:30:53] [INFO] Linking model
[23:30:53] [INFO] Loading texture: assets\textures\viking_room.jpg
[23:31:16] [INFO] Shutting down application...

[23:43:13] [INFO] Logging to file: C:\Users\maxim\git\ModernOpenGL\ModernOpenGL\logs\2023-05-20.log
[23:43:13] [INFO] Initializing application with size [1280, 720] and title ModernOpenGL...
[23:43:13] [INFO] Application successfully initialized
[23:43:13] [INFO] Compiling vertex shader: source\shaders\vertex.vs
[23:43:13] [INFO] Compiling fragment shader: source\shaders\fragment.fs
[23:43:13] [INFO] Linking shader program
[23:43:13] [INFO] Loading model: assets\meshes\viking_room.obj
[23:43:13] [INFO] Linking model
[23:43:13] [INFO] Loading texture: assets\textures\viking_room.jpg

[23:43:52] [INFO] Logging to file: C:\Users\maxim\git\ModernOpenGL\ModernOpenGL\logs\2023-05-20.log
[23:43:52] [INFO] Starting logging # 4
[23:43:52] [INFO] Initializing application with size [1280, 720] and title ModernOpenGL...
[23:43:53] [INFO] Application successfully initialized
[23:43:53] [INFO] Compiling vertex shader: source\shaders\vertex.vs
[23:43:53] [INFO] Compiling fragment shader: source\shaders\fragment.fs
[23:43:53] [INFO] Linking shader program
[23:43:53] [INFO] Loading model: assets\meshes\viking_room.obj
[23:43:53] [INFO] Linking model
[23:43:53] [INFO] Loading texture: assets\textures\viking_room.jpg

[23:45:02] [INFO] Logging to file: C:\Users\maxim\git\ModernOpenGL\ModernOpenGL\logs\2023-05-20.log
[23:45:02] [INFO] Starting logging #4
[23:45:02] [INFO] Initializing application with size [1280, 720] and title ModernOpenGL...
[23:45:03] [INFO] Application successfully initialized
[23:45:03] [INFO] Compiling vertex shader: source\shaders\vertex.vs
[23:45:03] [INFO] Compiling fragment shader: source\shaders\fragment.fs
[23:45:03] [INFO] Linking shader program
[23:45:03] [INFO] Loading model: assets\meshes\viking_room.obj
[23:45:03] [INFO] Linking model
[23:45:03] [INFO] Loading texture: assets\textures\viking_room.jpg

[23:46:15] [INFO] Logging to file: C:\Users\maxim\git\ModernOpenGL\ModernOpenGL\logs\2023-05-20.log

[23:48:16] [INFO] Logging to file: C:\Users\maxim\git\ModernOpenGL\ModernOpenGL\logs\2023-05-20.log

[23:49:39] [INFO] Logging to file: C:\Users\maxim\git\ModernOpenGL\ModernOpenGL\logs\2023-05-20.log
[23:49:41] [INFO] Starting logging #62
[23:49:41] [INFO] Initializing application with size [1280, 720] and title ModernOpenGL...
[23:49:41] [INFO] Application successfully initialized
[23:49:41] [INFO] Compiling vertex shader: source\shaders\vertex.vs
[23:49:41] [INFO] Compiling fragment shader: source\shaders\fragment.fs
[23:49:41] [INFO] Linking shader program
[23:49:41] [INFO] Loading model: assets\meshes\viking_room.obj
[23:49:42] [INFO] Linking model
[23:49:42] [INFO] Loading texture: assets\textures\viking_room.jpg
[23:50:01] [INFO] Shutting down application...
